<?xml version="1.0" encoding="UTF-8" ?>
<testsuite tests="15" failures="0" name="jpacman.TestAll" time="0.872" errors="0" skipped="0">
  <properties>
[...]
</properties>
  <testcase name="testTopLevelAlphaOmega" time="0.853"/>
  <testcase name="testGettingWidthHeight" time="0"/>
  <testcase name="testGettingCellsFromBoard" time="0"/>
  <testcase name="testFailingBoardCreation" time="0"/>
  <testcase name="testOccupy" time="0"/>
  <testcase name="testCellAtOffset" time="0.001"/>
  <testcase name="testGetMonsters" time="0"/>
  <testcase name="testDxDyPossibleMove" time="0"/>
  <testcase name="testDxDyImpossibleMove" time="0"/>
  <testcase name="addTestCasesHere" time="0.001"/>
  <testcase name="testUpdates" time="0.002"/>
  <testcase name="testSimpleGetters" time="0"/>
  <testcase name="testApply" time="0"/>
  <testcase name="testMonster" time="0.003"/>
  <testcase name="testPlayer" time="0.004"/>
</testsuite>